<?xml version="1.0" encoding="UTF-8" ?>
<testsuite errors="0" failures="0" hostname="Angela-PC" name="rent.SiteInfoUnitTests" tests="1" time="0.39" timestamp="2012-05-08T19:50:36">
  <properties />
  <testcase classname="rent.SiteInfoUnitTests" name="testConstraints" time="0.141" />
  <system-out><![CDATA[--Output from testConstraints--
]]></system-out>
  <system-err><![CDATA[--Output from testConstraints--
]]></system-err>
</testsuite>
