<?xml version="1.0" encoding="UTF-8" ?>
<testsuite errors="0" failures="0" hostname="Angela-PC" name="rent.TenantIntegrationTests" tests="5" time="0.438" timestamp="2012-05-08T19:51:07">
  <properties />
  <testcase classname="rent.TenantIntegrationTests" name="testSaveAndUpdate" time="0.124" />
  <testcase classname="rent.TenantIntegrationTests" name="testSaveThenDelete" time="0.064" />
  <testcase classname="rent.TenantIntegrationTests" name="testIncorrectSave" time="0.094" />
  <testcase classname="rent.TenantIntegrationTests" name="testIncorrectSaveCorrected" time="0.094" />
  <testcase classname="rent.TenantIntegrationTests" name="testSave" time="0.046" />
  <system-out><![CDATA[--Output from testSaveAndUpdate--
--Output from testSaveThenDelete--
--Output from testIncorrectSave--
--Output from testIncorrectSaveCorrected--
--Output from testSave--
]]></system-out>
  <system-err><![CDATA[--Output from testSaveAndUpdate--
--Output from testSaveThenDelete--
--Output from testIncorrectSave--
--Output from testIncorrectSaveCorrected--
--Output from testSave--
]]></system-err>
</testsuite>
