<?xml version="1.0" encoding="UTF-8" ?>
<testsuite errors="0" failures="0" hostname="Angela-PC" name="rent.UserTests" tests="1" time="0.436" timestamp="2012-05-08T19:50:39">
  <properties />
  <testcase classname="rent.UserTests" name="testConstraints" time="0.421" />
  <system-out><![CDATA[--Output from testConstraints--
]]></system-out>
  <system-err><![CDATA[--Output from testConstraints--
]]></system-err>
</testsuite>
