<?xml version="1.0" encoding="UTF-8" ?>
<testsuite errors="0" failures="0" hostname="Angela-PC" name="rent.UserIntegrationTests" tests="5" time="0.125" timestamp="2012-05-08T19:51:08">
  <properties />
  <testcase classname="rent.UserIntegrationTests" name="testSaveAndUpdate" time="0.047" />
  <testcase classname="rent.UserIntegrationTests" name="testSaveThenDelete" time="0.015" />
  <testcase classname="rent.UserIntegrationTests" name="testIncorrectSave" time="0.032" />
  <testcase classname="rent.UserIntegrationTests" name="testIncorrectSaveCorrected" time="0.015" />
  <testcase classname="rent.UserIntegrationTests" name="testSave" time="0.016" />
  <system-out><![CDATA[--Output from testSaveAndUpdate--
--Output from testSaveThenDelete--
--Output from testIncorrectSave--
--Output from testIncorrectSaveCorrected--
--Output from testSave--
]]></system-out>
  <system-err><![CDATA[--Output from testSaveAndUpdate--
--Output from testSaveThenDelete--
--Output from testIncorrectSave--
--Output from testIncorrectSaveCorrected--
--Output from testSave--
]]></system-err>
</testsuite>
