<?xml version="1.0" encoding="UTF-8" ?>
<testsuite errors="0" failures="0" hostname="Angela-PC" name="rent.PropertyIntegrationTests" tests="5" time="0.764" timestamp="2012-05-08T19:51:06">
  <properties />
  <testcase classname="rent.PropertyIntegrationTests" name="testSaveAndUpdate" time="0.468" />
  <testcase classname="rent.PropertyIntegrationTests" name="testSaveThenDelete" time="0.14" />
  <testcase classname="rent.PropertyIntegrationTests" name="testIncorrectSave" time="0.078" />
  <testcase classname="rent.PropertyIntegrationTests" name="testIncorrectSaveCorrected" time="0.047" />
  <testcase classname="rent.PropertyIntegrationTests" name="testSave" time="0.031" />
  <system-out><![CDATA[--Output from testSaveAndUpdate--
--Output from testSaveThenDelete--
--Output from testIncorrectSave--
--Output from testIncorrectSaveCorrected--
--Output from testSave--
]]></system-out>
  <system-err><![CDATA[--Output from testSaveAndUpdate--
--Output from testSaveThenDelete--
--Output from testIncorrectSave--
--Output from testIncorrectSaveCorrected--
--Output from testSave--
]]></system-err>
</testsuite>
